Coordinator: Planning task
Coordinator: Sending task to Backend Agent
BackendAgent: Generated app/routes/user_login_functionality.py
Coordinator: Done
[10:14:42] Coordinator: Parsing story
[10:14:42] Coordinator: Using rule-based backend agent
[10:18:36] Coordinator: Parsing story
[10:18:36] Coordinator: Using rule-based backend agent
[10:26:19] Coordinator: Parsing story
[10:26:19] Coordinator: Using rule-based backend agent
[10:26:19] Created generated_projects/ProjectTest/backend/routes\login.py
[10:26:19] Coordinator: Done
[10:27:42] Coordinator: Parsing story
[10:27:42] Coordinator: Using rule-based backend agent
[10:27:42] Created generated_projects/ProjectTest/backend/routes\login.py
[10:27:42] Coordinator: Done
[10:37:17] Coordinator: Parsing story
[10:37:17] Coordinator: Using rule-based backend agent
[10:37:17] Created ../generated_projects/ProjectTest/backend/routes\login.py
[10:37:17] Coordinator: Done
[11:30:20] Coordinator: Parsing story
[11:30:20] Coordinator: Using rule-based backend agent
[11:30:20] Created ../generated_projects/ProjectTest/backend/routes\login.py
[11:30:20] Coordinator: Done
